wear/wff/build/intermediates/manifest_merge_blame_file/debug/processDebugMainManifest/manifest-merger-blame-debug-report.txt
1<?xml version="1.0" encoding="utf-8"?>
2<manifest xmlns:android="http://schemas.android.com/apk/res/android"
3    package="com.artifact.chronology.wff"
4    android:versionCode="1"
5    android:versionName="1.0.0" >
6
7    <uses-sdk
8        android:minSdkVersion="33"
9        android:targetSdkVersion="34" />
10
11    <uses-feature android:name="android.hardware.type.watch" />
11-->src/main/AndroidManifest.xml:4:5-64
11-->src/main/AndroidManifest.xml:4:19-61
12
13    <application
13-->src/main/AndroidManifest.xml:6:5-18:19
14        android:debuggable="true"
15        android:extractNativeLibs="false"
16        android:hasCode="false"
16-->src/main/AndroidManifest.xml:9:9-32
17        android:icon="@drawable/preview"
17-->src/main/AndroidManifest.xml:8:9-41
18        android:label="@string/watch_face_name" >
18-->src/main/AndroidManifest.xml:7:9-48
19        <property
19-->src/main/AndroidManifest.xml:11:9-13:33
20            android:name="com.google.wear.watchface.format.version"
20-->src/main/AndroidManifest.xml:12:13-68
21            android:value="1" />
21-->src/main/AndroidManifest.xml:13:13-30
22
23        <meta-data
23-->src/main/AndroidManifest.xml:15:9-17:36
24            android:name="com.google.android.wearable.standalone"
24-->src/main/AndroidManifest.xml:16:13-66
25            android:value="true" />
25-->src/main/AndroidManifest.xml:17:13-33
26    </application>
27
28</manifest>